2019-07-30 12:23:56,719 file.manager INFO 1.2.0
2019-07-30 12:23:56,733 file.manager INFO Copyright (C) 2003-2010
2019-07-30 12:23:56,733 file.manager INFO   Noriaki Ando
2019-07-30 12:23:56,733 file.manager INFO   Intelligent Systems Research Institute, AIST
2019-07-30 12:23:56,733 file.manager INFO Manager starting.
2019-07-30 12:23:56,733 file.manager INFO Starting local logging.
2019-07-30 12:23:56,750 file.manager.namingmanager INFO NameServer connection succeeded: corba/localhost
2019-07-30 12:23:58,859 file.ManagerServant INFO Master manager not found
2019-07-30 12:23:58,875 file.LocalServiceAdmin INFO All the local services are enabled.
2019-07-30 12:23:58,907 file.manager INFO Component type conf file: division.conf loaded.
2019-07-30 12:23:58,937 file.ec_base INFO setRate(1000000.000000) done
2019-07-30 12:23:58,937 file.ec_base INFO setRate(1000.000000) done
2019-07-30 12:23:58,937 file.rtobject INFO 1 execution context was created.
2019-07-30 12:23:58,969 file.rtobject INFO Initial active configuration set is default-set.
2019-07-30 12:24:07,736 file.SdoServiceAdmin WARNING No available SDO service in the factory: 
2019-07-30 12:24:07,736 file.SdoServiceAdmin ERROR type  already exists.
2019-07-30 12:24:11,766 file.ManagerServant INFO Master manager not found
2019-07-30 12:24:24,855 file.ManagerServant INFO Master manager not found
2019-07-30 12:24:37,980 file.ManagerServant INFO Master manager not found
2019-07-30 12:24:50,940 file.ManagerServant INFO Master manager not found
2019-07-30 12:25:03,927 file.ManagerServant INFO Master manager not found
2019-07-30 12:25:16,953 file.ManagerServant INFO Master manager not found
2019-07-30 12:25:29,969 file.ManagerServant INFO Master manager not found
2019-07-30 12:25:42,937 file.ManagerServant INFO Master manager not found
2019-07-30 12:25:55,615 file.ManagerServant INFO Master manager not found
2019-07-30 12:26:08,693 file.ManagerServant INFO Master manager not found
2019-07-30 12:26:21,750 file.ManagerServant INFO Master manager not found
2019-07-30 12:26:34,828 file.ManagerServant INFO Master manager not found
2019-07-30 12:26:47,894 file.ManagerServant INFO Master manager not found
2019-07-30 12:27:00,914 file.ManagerServant INFO Master manager not found
2019-07-30 12:27:13,973 file.ManagerServant INFO Master manager not found
2019-07-30 12:27:27,078 file.ManagerServant INFO Master manager not found
2019-07-30 12:27:40,328 file.ManagerServant INFO Master manager not found
2019-07-30 12:27:45,266 file.SdoServiceAdmin INFO SDO service has been deleted: e9831c53-755d-46f5-8d93-d8badc289691
2019-07-30 12:27:53,438 file.ManagerServant INFO Master manager not found
2019-07-30 12:28:06,594 file.ManagerServant INFO Master manager not found
2019-07-30 12:28:19,801 file.ManagerServant INFO Master manager not found
2019-07-30 12:28:32,924 file.ManagerServant INFO Master manager not found
2019-07-30 12:28:46,141 file.ManagerServant INFO Master manager not found
2019-07-30 12:28:59,275 file.ManagerServant INFO Master manager not found
2019-07-30 12:29:12,398 file.ManagerServant INFO Master manager not found
2019-07-30 12:29:25,687 file.ManagerServant INFO Master manager not found
2019-07-30 12:29:38,907 file.ManagerServant INFO Master manager not found
2019-07-30 12:29:52,095 file.ManagerServant INFO Master manager not found
2019-07-30 12:30:05,187 file.ManagerServant INFO Master manager not found
2019-07-30 12:30:18,364 file.ManagerServant INFO Master manager not found
2019-07-30 12:30:31,562 file.ManagerServant INFO Master manager not found
2019-07-30 12:30:44,671 file.ManagerServant INFO Master manager not found
2019-07-30 12:30:57,736 file.ManagerServant INFO Master manager not found
2019-07-30 12:31:10,799 file.ManagerServant INFO Master manager not found
2019-07-30 12:31:23,877 file.ManagerServant INFO Master manager not found
2019-07-30 12:31:37,046 file.ManagerServant INFO Master manager not found
2019-07-30 12:31:50,299 file.ManagerServant INFO Master manager not found
2019-07-30 12:32:03,375 file.ManagerServant INFO Master manager not found
2019-07-30 12:32:16,578 file.ManagerServant INFO Master manager not found
2019-07-30 12:32:29,769 file.ManagerServant INFO Master manager not found
2019-07-30 12:32:43,006 file.ManagerServant INFO Master manager not found
2019-07-30 12:32:56,187 file.ManagerServant INFO Master manager not found
2019-07-30 12:33:09,255 file.ManagerServant INFO Master manager not found
2019-07-30 12:33:22,492 file.ManagerServant INFO Master manager not found
2019-07-30 12:33:35,703 file.ManagerServant INFO Master manager not found
2019-07-30 12:33:48,825 file.ManagerServant INFO Master manager not found
2019-07-30 12:34:02,046 file.ManagerServant INFO Master manager not found
2019-07-30 12:34:15,203 file.ManagerServant INFO Master manager not found
2019-07-30 12:34:28,380 file.ManagerServant INFO Master manager not found
2019-07-30 12:34:41,470 file.ManagerServant INFO Master manager not found
2019-07-30 12:34:54,536 file.ManagerServant INFO Master manager not found
2019-07-30 12:35:07,734 file.ManagerServant INFO Master manager not found
2019-07-30 12:35:20,953 file.ManagerServant INFO Master manager not found
2019-07-30 12:35:34,147 file.ManagerServant INFO Master manager not found
2019-07-30 12:35:47,398 file.ManagerServant INFO Master manager not found
2019-07-30 12:36:00,582 file.ManagerServant INFO Master manager not found
2019-07-30 12:36:13,746 file.ManagerServant INFO Master manager not found
2019-07-30 12:36:26,861 file.ManagerServant INFO Master manager not found
2019-07-30 12:36:40,052 file.ManagerServant INFO Master manager not found
2019-07-30 12:36:53,280 file.ManagerServant INFO Master manager not found
2019-07-30 12:37:06,516 file.ManagerServant INFO Master manager not found
2019-07-30 12:37:19,618 file.ManagerServant INFO Master manager not found
2019-07-30 12:37:32,796 file.ManagerServant INFO Master manager not found
2019-07-30 12:37:45,937 file.ManagerServant INFO Master manager not found
2019-07-30 12:37:58,984 file.ManagerServant INFO Master manager not found
2019-07-30 12:38:12,016 file.ManagerServant INFO Master manager not found
2019-07-30 12:38:25,184 file.ManagerServant INFO Master manager not found
2019-07-30 12:38:38,266 file.ManagerServant INFO Master manager not found
2019-07-30 12:38:51,437 file.ManagerServant INFO Master manager not found
2019-07-30 12:39:04,588 file.ManagerServant INFO Master manager not found
2019-07-30 12:39:17,743 file.ManagerServant INFO Master manager not found
2019-07-30 12:39:30,938 file.ManagerServant INFO Master manager not found
2019-07-30 12:39:44,089 file.ManagerServant INFO Master manager not found
2019-07-30 12:39:57,204 file.ManagerServant INFO Master manager not found
2019-07-30 12:40:10,298 file.ManagerServant INFO Master manager not found
2019-07-30 12:40:23,484 file.ManagerServant INFO Master manager not found
2019-07-30 12:40:36,625 file.ManagerServant INFO Master manager not found
2019-07-30 12:40:49,844 file.ManagerServant INFO Master manager not found
2019-07-30 12:41:03,020 file.ManagerServant INFO Master manager not found
2019-07-30 12:41:16,016 file.ManagerServant INFO Master manager not found
2019-07-30 12:41:29,062 file.ManagerServant INFO Master manager not found
2019-07-30 12:41:42,204 file.ManagerServant INFO Master manager not found
2019-07-30 12:41:55,375 file.ManagerServant INFO Master manager not found
2019-07-30 12:42:08,454 file.ManagerServant INFO Master manager not found
2019-07-30 12:42:21,690 file.ManagerServant INFO Master manager not found
2019-07-30 12:42:34,894 file.ManagerServant INFO Master manager not found
2019-07-30 12:42:48,114 file.ManagerServant INFO Master manager not found
2019-07-30 12:43:01,173 file.ManagerServant INFO Master manager not found
2019-07-30 12:43:14,391 file.ManagerServant INFO Master manager not found
2019-07-30 12:43:27,548 file.ManagerServant INFO Master manager not found
2019-07-30 12:43:40,796 file.ManagerServant INFO Master manager not found
2019-07-30 12:43:53,976 file.ManagerServant INFO Master manager not found
2019-07-30 12:44:07,187 file.ManagerServant INFO Master manager not found
2019-07-30 12:44:20,405 file.ManagerServant INFO Master manager not found
2019-07-30 12:44:33,555 file.ManagerServant INFO Master manager not found
2019-07-30 12:44:46,609 file.ManagerServant INFO Master manager not found
2019-07-30 12:44:59,782 file.ManagerServant INFO Master manager not found
2019-07-30 12:45:13,003 file.ManagerServant INFO Master manager not found
2019-07-30 12:45:26,095 file.ManagerServant INFO Master manager not found
2019-07-30 12:45:39,323 file.ManagerServant INFO Master manager not found
2019-07-30 12:45:52,552 file.ManagerServant INFO Master manager not found
2019-07-30 12:46:05,641 file.ManagerServant INFO Master manager not found
2019-07-30 12:46:18,845 file.ManagerServant INFO Master manager not found
2019-07-30 12:46:31,984 file.ManagerServant INFO Master manager not found
2019-07-30 12:46:45,036 file.ManagerServant INFO Master manager not found
2019-07-30 12:46:58,125 file.ManagerServant INFO Master manager not found
2019-07-30 12:47:11,344 file.ManagerServant INFO Master manager not found
2019-07-30 12:47:24,566 file.ManagerServant INFO Master manager not found
2019-07-30 12:47:37,673 file.ManagerServant INFO Master manager not found
2019-07-30 12:47:50,891 file.ManagerServant INFO Master manager not found
2019-07-30 12:48:04,177 file.ManagerServant INFO Master manager not found
2019-07-30 12:48:17,369 file.ManagerServant INFO Master manager not found
2019-07-30 12:48:30,562 file.ManagerServant INFO Master manager not found
2019-07-30 12:48:43,753 file.ManagerServant INFO Master manager not found
2019-07-30 12:48:56,984 file.ManagerServant INFO Master manager not found
2019-07-30 12:49:10,082 file.ManagerServant INFO Master manager not found
2019-07-30 12:49:23,236 file.ManagerServant INFO Master manager not found
2019-07-30 12:49:36,391 file.ManagerServant INFO Master manager not found
2019-07-30 12:49:49,584 file.ManagerServant INFO Master manager not found
2019-07-30 12:50:02,862 file.ManagerServant INFO Master manager not found
2019-07-30 12:50:15,907 file.ManagerServant INFO Master manager not found
2019-07-30 12:50:29,198 file.ManagerServant INFO Master manager not found
2019-07-30 12:50:42,328 file.ManagerServant INFO Master manager not found
2019-07-30 12:50:55,500 file.ManagerServant INFO Master manager not found
2019-07-30 12:51:08,563 file.ManagerServant INFO Master manager not found
2019-07-30 12:51:21,750 file.ManagerServant INFO Master manager not found
2019-07-30 12:51:34,808 file.ManagerServant INFO Master manager not found
2019-07-30 12:51:47,844 file.ManagerServant INFO Master manager not found
2019-07-30 12:52:01,016 file.ManagerServant INFO Master manager not found
2019-07-30 12:52:14,188 file.ManagerServant INFO Master manager not found
2019-07-30 12:52:27,394 file.ManagerServant INFO Master manager not found
2019-07-30 12:52:40,671 file.ManagerServant INFO Master manager not found
2019-07-30 12:52:53,835 file.ManagerServant INFO Master manager not found
2019-07-30 12:53:06,983 file.ManagerServant INFO Master manager not found
2019-07-30 12:53:20,144 file.ManagerServant INFO Master manager not found
2019-07-30 12:53:33,332 file.ManagerServant INFO Master manager not found
2019-07-30 12:53:46,500 file.ManagerServant INFO Master manager not found
2019-07-30 12:53:59,569 file.ManagerServant INFO Master manager not found
2019-07-30 12:54:12,608 file.ManagerServant INFO Master manager not found
2019-07-30 12:54:25,796 file.ManagerServant INFO Master manager not found
2019-07-30 12:54:38,891 file.ManagerServant INFO Master manager not found
2019-07-30 12:54:52,049 file.ManagerServant INFO Master manager not found
2019-07-30 12:55:05,086 file.ManagerServant INFO Master manager not found
2019-07-30 12:55:18,223 file.ManagerServant INFO Master manager not found
2019-07-30 12:55:31,391 file.ManagerServant INFO Master manager not found
2019-07-30 12:55:44,576 file.ManagerServant INFO Master manager not found
2019-07-30 12:55:57,826 file.ManagerServant INFO Master manager not found
2019-07-30 12:56:10,984 file.ManagerServant INFO Master manager not found
2019-07-30 12:56:24,049 file.ManagerServant INFO Master manager not found
2019-07-30 12:56:37,109 file.ManagerServant INFO Master manager not found
2019-07-30 12:56:50,359 file.ManagerServant INFO Master manager not found
2019-07-30 12:57:03,549 file.ManagerServant INFO Master manager not found
2019-07-30 12:57:16,641 file.ManagerServant INFO Master manager not found
2019-07-30 12:57:29,851 file.ManagerServant INFO Master manager not found
2019-07-30 12:57:43,032 file.ManagerServant INFO Master manager not found
2019-07-30 12:57:56,219 file.ManagerServant INFO Master manager not found
2019-07-30 12:58:09,411 file.ManagerServant INFO Master manager not found
2019-07-30 12:58:22,585 file.ManagerServant INFO Master manager not found
2019-07-30 12:58:35,641 file.ManagerServant INFO Master manager not found
2019-07-30 12:58:48,812 file.ManagerServant INFO Master manager not found
2019-07-30 12:59:01,875 file.ManagerServant INFO Master manager not found
2019-07-30 12:59:14,910 file.ManagerServant INFO Master manager not found
2019-07-30 12:59:28,098 file.ManagerServant INFO Master manager not found
2019-07-30 12:59:41,298 file.ManagerServant INFO Master manager not found
2019-07-30 12:59:54,519 file.ManagerServant INFO Master manager not found
2019-07-30 13:00:07,673 file.ManagerServant INFO Master manager not found
2019-07-30 13:00:20,844 file.ManagerServant INFO Master manager not found
2019-07-30 13:00:34,058 file.ManagerServant INFO Master manager not found
2019-07-30 13:00:47,250 file.ManagerServant INFO Master manager not found
2019-07-30 13:01:00,407 file.ManagerServant INFO Master manager not found
2019-07-30 13:01:13,604 file.ManagerServant INFO Master manager not found
2019-07-30 13:01:26,782 file.ManagerServant INFO Master manager not found
2019-07-30 13:01:40,005 file.ManagerServant INFO Master manager not found
2019-07-30 13:01:53,220 file.ManagerServant INFO Master manager not found
2019-07-30 13:02:06,266 file.ManagerServant INFO Master manager not found
2019-07-30 13:02:19,395 file.ManagerServant INFO Master manager not found
2019-07-30 13:02:32,486 file.ManagerServant INFO Master manager not found
2019-07-30 13:02:45,594 file.ManagerServant INFO Master manager not found
2019-07-30 13:02:58,779 file.ManagerServant INFO Master manager not found
2019-07-30 13:03:12,000 file.ManagerServant INFO Master manager not found
2019-07-30 13:03:25,226 file.ManagerServant INFO Master manager not found
2019-07-30 13:03:38,473 file.ManagerServant INFO Master manager not found
2019-07-30 13:03:51,532 file.ManagerServant INFO Master manager not found
2019-07-30 13:04:04,707 file.ManagerServant INFO Master manager not found
2019-07-30 13:04:17,845 file.ManagerServant INFO Master manager not found
2019-07-30 13:04:31,141 file.ManagerServant INFO Master manager not found
2019-07-30 13:04:44,262 file.ManagerServant INFO Master manager not found
2019-07-30 13:04:57,543 file.ManagerServant INFO Master manager not found
2019-07-30 13:05:10,766 file.ManagerServant INFO Master manager not found
2019-07-30 13:05:23,977 file.ManagerServant INFO Master manager not found
2019-07-30 13:05:37,173 file.ManagerServant INFO Master manager not found
2019-07-30 13:05:50,391 file.ManagerServant INFO Master manager not found
2019-07-30 13:06:03,453 file.ManagerServant INFO Master manager not found
2019-07-30 13:06:16,671 file.ManagerServant INFO Master manager not found
2019-07-30 13:06:29,915 file.ManagerServant INFO Master manager not found
2019-07-30 13:06:43,068 file.ManagerServant INFO Master manager not found
2019-07-30 13:06:56,234 file.ManagerServant INFO Master manager not found
2019-07-30 13:07:09,427 file.ManagerServant INFO Master manager not found
2019-07-30 13:07:22,549 file.ManagerServant INFO Master manager not found
2019-07-30 13:07:35,609 file.ManagerServant INFO Master manager not found
2019-07-30 13:07:48,778 file.ManagerServant INFO Master manager not found
2019-07-30 13:08:01,984 file.ManagerServant INFO Master manager not found
2019-07-30 13:08:15,187 file.ManagerServant INFO Master manager not found
2019-07-30 13:08:28,286 file.ManagerServant INFO Master manager not found
2019-07-30 13:08:41,484 file.ManagerServant INFO Master manager not found
2019-07-30 13:08:54,739 file.ManagerServant INFO Master manager not found
2019-07-30 13:09:07,828 file.ManagerServant INFO Master manager not found
2019-07-30 13:09:21,000 file.ManagerServant INFO Master manager not found
2019-07-30 13:09:34,114 file.ManagerServant INFO Master manager not found
2019-07-30 13:09:47,187 file.ManagerServant INFO Master manager not found
2019-07-30 13:10:00,220 file.ManagerServant INFO Master manager not found
2019-07-30 13:10:13,298 file.ManagerServant INFO Master manager not found
2019-07-30 13:10:26,453 file.ManagerServant INFO Master manager not found
2019-07-30 13:10:39,500 file.ManagerServant INFO Master manager not found
2019-07-30 13:10:52,677 file.ManagerServant INFO Master manager not found
2019-07-30 13:11:05,844 file.ManagerServant INFO Master manager not found
2019-07-30 13:11:19,088 file.ManagerServant INFO Master manager not found
2019-07-30 13:11:32,280 file.ManagerServant INFO Master manager not found
2019-07-30 13:11:45,470 file.ManagerServant INFO Master manager not found
2019-07-30 13:11:58,693 file.ManagerServant INFO Master manager not found
2019-07-30 13:12:11,750 file.ManagerServant INFO Master manager not found
2019-07-30 13:12:24,766 file.ManagerServant INFO Master manager not found
2019-07-30 13:12:37,940 file.ManagerServant INFO Master manager not found
2019-07-30 13:12:51,141 file.ManagerServant INFO Master manager not found
2019-07-30 13:13:04,369 file.ManagerServant INFO Master manager not found
2019-07-30 13:13:17,621 file.ManagerServant INFO Master manager not found
2019-07-30 13:13:30,844 file.ManagerServant INFO Master manager not found
2019-07-30 13:13:44,048 file.ManagerServant INFO Master manager not found
2019-07-30 13:13:57,203 file.ManagerServant INFO Master manager not found
2019-07-30 13:14:10,375 file.ManagerServant INFO Master manager not found
2019-07-30 13:14:23,513 file.ManagerServant INFO Master manager not found
2019-07-30 13:14:36,719 file.ManagerServant INFO Master manager not found
2019-07-30 13:14:49,766 file.ManagerServant INFO Master manager not found
2019-07-30 13:15:02,957 file.ManagerServant INFO Master manager not found
2019-07-30 13:15:16,171 file.ManagerServant INFO Master manager not found
2019-07-30 13:15:29,272 file.ManagerServant INFO Master manager not found
2019-07-30 13:15:42,494 file.ManagerServant INFO Master manager not found
2019-07-30 13:15:55,657 file.ManagerServant INFO Master manager not found
2019-07-30 13:16:08,753 file.ManagerServant INFO Master manager not found
2019-07-30 13:16:21,891 file.ManagerServant INFO Master manager not found
2019-07-30 13:16:34,960 file.ManagerServant INFO Master manager not found
2019-07-30 13:16:48,427 file.ManagerServant INFO Master manager not found
2019-07-30 13:17:01,453 file.ManagerServant INFO Master manager not found
2019-07-30 13:17:14,670 file.ManagerServant INFO Master manager not found
2019-07-30 13:17:27,846 file.ManagerServant INFO Master manager not found
2019-07-30 13:17:41,000 file.ManagerServant INFO Master manager not found
2019-07-30 13:17:54,125 file.ManagerServant INFO Master manager not found
2019-07-30 13:18:07,346 file.ManagerServant INFO Master manager not found
2019-07-30 13:18:20,421 file.ManagerServant INFO Master manager not found
2019-07-30 13:18:33,553 file.ManagerServant INFO Master manager not found
2019-07-30 13:18:46,750 file.ManagerServant INFO Master manager not found
2019-07-30 13:18:59,957 file.ManagerServant INFO Master manager not found
2019-07-30 13:19:13,111 file.ManagerServant INFO Master manager not found
2019-07-30 13:19:26,203 file.ManagerServant INFO Master manager not found
2019-07-30 13:19:39,391 file.ManagerServant INFO Master manager not found
2019-07-30 13:19:52,484 file.ManagerServant INFO Master manager not found
2019-07-30 13:20:05,703 file.ManagerServant INFO Master manager not found
2019-07-30 13:20:18,782 file.ManagerServant INFO Master manager not found
2019-07-30 13:20:32,016 file.ManagerServant INFO Master manager not found
2019-07-30 13:20:45,240 file.ManagerServant INFO Master manager not found
2019-07-30 13:20:58,444 file.ManagerServant INFO Master manager not found
2019-07-30 13:21:11,515 file.ManagerServant INFO Master manager not found
2019-07-30 13:21:24,634 file.ManagerServant INFO Master manager not found
2019-07-30 13:21:37,828 file.ManagerServant INFO Master manager not found
2019-07-30 13:21:50,875 file.ManagerServant INFO Master manager not found
2019-07-30 13:22:03,973 file.ManagerServant INFO Master manager not found
2019-07-30 13:22:17,048 file.ManagerServant INFO Master manager not found
2019-07-30 13:22:30,173 file.ManagerServant INFO Master manager not found
2019-07-30 13:22:43,313 file.ManagerServant INFO Master manager not found
2019-07-30 13:22:56,484 file.ManagerServant INFO Master manager not found
2019-07-30 13:23:09,542 file.ManagerServant INFO Master manager not found
2019-07-30 13:23:22,740 file.ManagerServant INFO Master manager not found
2019-07-30 13:23:35,812 file.ManagerServant INFO Master manager not found
2019-07-30 13:23:48,999 file.ManagerServant INFO Master manager not found
2019-07-30 13:24:02,095 file.ManagerServant INFO Master manager not found
2019-07-30 13:24:15,266 file.ManagerServant INFO Master manager not found
2019-07-30 13:24:28,447 file.ManagerServant INFO Master manager not found
2019-07-30 13:24:41,627 file.ManagerServant INFO Master manager not found
2019-07-30 13:24:54,726 file.ManagerServant INFO Master manager not found
2019-07-30 13:25:07,828 file.ManagerServant INFO Master manager not found
2019-07-30 13:25:21,000 file.ManagerServant INFO Master manager not found
2019-07-30 13:25:34,164 file.ManagerServant INFO Master manager not found
2019-07-30 13:25:47,345 file.ManagerServant INFO Master manager not found
2019-07-30 13:26:00,657 file.ManagerServant INFO Master manager not found
2019-07-30 13:26:13,733 file.ManagerServant INFO Master manager not found
2019-07-30 13:26:26,921 file.ManagerServant INFO Master manager not found
2019-07-30 13:26:40,082 file.ManagerServant INFO Master manager not found
2019-07-30 13:26:53,207 file.ManagerServant INFO Master manager not found
2019-07-30 13:27:06,375 file.ManagerServant INFO Master manager not found
2019-07-30 13:27:19,631 file.ManagerServant INFO Master manager not found
2019-07-30 13:27:32,818 file.ManagerServant INFO Master manager not found
2019-07-30 13:27:45,984 file.ManagerServant INFO Master manager not found
2019-07-30 13:27:59,220 file.ManagerServant INFO Master manager not found
2019-07-30 13:28:12,437 file.ManagerServant INFO Master manager not found
2019-07-30 13:28:25,578 file.ManagerServant INFO Master manager not found
2019-07-30 13:28:38,750 file.ManagerServant INFO Master manager not found
2019-07-30 13:28:51,923 file.ManagerServant INFO Master manager not found
2019-07-30 13:29:05,095 file.ManagerServant INFO Master manager not found
2019-07-30 13:29:18,328 file.ManagerServant INFO Master manager not found
2019-07-30 13:29:31,486 file.ManagerServant INFO Master manager not found
2019-07-30 13:29:44,726 file.ManagerServant INFO Master manager not found
2019-07-30 13:29:57,911 file.ManagerServant INFO Master manager not found
2019-07-30 13:30:11,078 file.ManagerServant INFO Master manager not found
2019-07-30 13:30:24,267 file.ManagerServant INFO Master manager not found
2019-07-30 13:30:37,522 file.ManagerServant INFO Master manager not found
2019-07-30 13:30:50,766 file.ManagerServant INFO Master manager not found
2019-07-30 13:31:03,927 file.ManagerServant INFO Master manager not found
2019-07-30 13:31:17,000 file.ManagerServant INFO Master manager not found
2019-07-30 13:31:30,127 file.ManagerServant INFO Master manager not found
2019-07-30 13:31:43,368 file.ManagerServant INFO Master manager not found
2019-07-30 13:31:56,469 file.ManagerServant INFO Master manager not found
2019-07-30 13:32:09,621 file.ManagerServant INFO Master manager not found
2019-07-30 13:32:22,834 file.ManagerServant INFO Master manager not found
2019-07-30 13:32:36,016 file.ManagerServant INFO Master manager not found
2019-07-30 13:32:49,094 file.ManagerServant INFO Master manager not found
