2019-07-30 12:20:42,891 file.manager INFO 1.2.0
2019-07-30 12:20:42,891 file.manager INFO Copyright (C) 2003-2010
2019-07-30 12:20:42,891 file.manager INFO   Noriaki Ando
2019-07-30 12:20:42,905 file.manager INFO   Intelligent Systems Research Institute, AIST
2019-07-30 12:20:42,905 file.manager INFO Manager starting.
2019-07-30 12:20:42,905 file.manager INFO Starting local logging.
2019-07-30 12:20:44,974 file.manager.namingmanager INFO NameServer connection failed: corba/localhost
2019-07-30 12:20:49,993 file.ManagerServant INFO Master manager not found
2019-07-30 12:20:50,009 file.LocalServiceAdmin INFO All the local services are enabled.
2019-07-30 12:20:50,088 file.manager INFO Component type conf file: division.conf loaded.
2019-07-30 12:20:50,102 file.ec_base INFO setRate(1000000.000000) done
2019-07-30 12:20:50,102 file.ec_base INFO setRate(1000.000000) done
2019-07-30 12:20:50,118 file.rtobject INFO 1 execution context was created.
2019-07-30 12:20:50,151 file.rtobject INFO Initial active configuration set is default-set.
2019-07-30 12:20:58,030 file.manager.namingmanager INFO NameServer connection failed: corba/localhost
2019-07-30 12:21:05,125 file.ManagerServant INFO Master manager not found
2019-07-30 12:21:11,046 file.manager.namingmanager INFO NameServer connection succeeded: corba/localhost
2019-07-30 12:21:11,046 file.manager.namingmanager INFO Connected to a name server: corba/localhost
2019-07-30 12:21:18,203 file.ManagerServant INFO Master manager not found
2019-07-30 12:21:31,203 file.ManagerServant INFO Master manager not found
2019-07-30 12:21:44,237 file.ManagerServant INFO Master manager not found
2019-07-30 12:21:57,154 file.ManagerServant INFO Master manager not found
2019-07-30 12:22:10,167 file.ManagerServant INFO Master manager not found
2019-07-30 12:22:23,221 file.ManagerServant INFO Master manager not found
2019-07-30 12:22:30,625 file.SdoServiceAdmin WARNING No available SDO service in the factory: 
2019-07-30 12:22:30,641 file.SdoServiceAdmin ERROR type  already exists.
2019-07-30 12:22:36,190 file.ManagerServant INFO Master manager not found
2019-07-30 12:22:37,279 file.ec_base WARNING The component is not responding.
2019-07-30 12:22:37,279 file.ec_base ERROR Unknown error: Invalid state transition.
2019-07-30 12:22:49,046 file.ManagerServant INFO Master manager not found
2019-07-30 12:22:58,903 file.SdoServiceAdmin INFO SDO service has been deleted: 44cbbe4e-2ac6-473f-a3c5-0aabf5740d56
2019-07-30 12:23:01,463 file.ManagerServant INFO Master manager not found
2019-07-30 12:23:04,823 file.SdoServiceAdmin WARNING No available SDO service in the factory: 
2019-07-30 12:23:04,823 file.SdoServiceAdmin ERROR type  already exists.
2019-07-30 12:23:09,361 file.ec_base WARNING The component is not responding.
2019-07-30 12:23:09,361 file.ec_base ERROR Unknown error: Invalid state transition.
2019-07-30 12:23:14,540 file.ManagerServant INFO Master manager not found
2019-07-30 12:23:27,573 file.ManagerServant INFO Master manager not found
2019-07-30 12:23:40,421 file.ec_base WARNING The component is not responding.
2019-07-30 12:23:40,421 file.ec_base ERROR Unknown error: Invalid state transition.
2019-07-30 12:23:40,608 file.ManagerServant INFO Master manager not found
